<?xml version="1.0" encoding="UTF-8"?>
<testsuite xmlns:xsi="http://www.w3.org/2001/XMLSchema-instance" xsi:noNamespaceSchemaLocation="https://maven.apache.org/surefire/maven-surefire-plugin/xsd/surefire-test-report.xsd" name="com.example.demo.controlllers.UserControllerTest" time="0.231" tests="6" errors="0" skipped="0" failures="0">
  <properties>
[...]
</properties>
  <testcase name="get_by_name_not_ok" classname="com.example.demo.controlllers.UserControllerTest" time="0.017"/>
  <testcase name="create_user_happy_path" classname="com.example.demo.controlllers.UserControllerTest" time="0.003"/>
  <testcase name="get_by_id_not_ok" classname="com.example.demo.controlllers.UserControllerTest" time="0.002"/>
  <testcase name="get_by_id_happy_path" classname="com.example.demo.controlllers.UserControllerTest" time="0"/>
  <testcase name="get_by_name_happy_path" classname="com.example.demo.controlllers.UserControllerTest" time="0"/>
  <testcase name="create_user_notok" classname="com.example.demo.controlllers.UserControllerTest" time="0.001"/>
</testsuite>